0 info it worked if it ends with ok
1 verbose cli [ 'C:\\Program Files\\nodejs\\node.exe',
1 verbose cli   'C:\\Program Files\\nodejs\\node_modules\\npm\\bin\\npm-cli.js',
1 verbose cli   'install',
1 verbose cli   'loadsh' ]
2 info using npm@4.1.2
3 info using node@v7.5.0
4 verbose config Skipping project config: C:\Users\608619925/.npmrc. (matches userconfig)
5 silly loadCurrentTree Starting
6 silly install loadCurrentTree
7 silly install readLocalPackageData
8 silly fetchPackageMetaData loadsh
9 silly fetchNamedPackageData loadsh
10 silly mapToRegistry name loadsh
11 silly mapToRegistry using default registry
12 silly mapToRegistry registry http://registry.npmjs.org/
13 silly mapToRegistry data Result {
13 silly mapToRegistry   raw: 'loadsh',
13 silly mapToRegistry   scope: null,
13 silly mapToRegistry   escapedName: 'loadsh',
13 silly mapToRegistry   name: 'loadsh',
13 silly mapToRegistry   rawSpec: '',
13 silly mapToRegistry   spec: 'latest',
13 silly mapToRegistry   type: 'tag' }
14 silly mapToRegistry uri http://registry.npmjs.org/loadsh
15 verbose request uri http://registry.npmjs.org/loadsh
16 verbose request no auth needed
17 info attempt registry request try #1 at 1:28:34 PM
18 verbose request id f09756f3e546f47d
19 http request GET http://registry.npmjs.org/loadsh
20 http 200 http://registry.npmjs.org/loadsh
21 verbose headers { server: 'nginx/1.10.1',
21 verbose headers   'content-type': 'application/json',
21 verbose headers   'last-modified': 'Wed, 23 Dec 2015 09:30:37 GMT',
21 verbose headers   etag: 'W/"567a69bd-192"',
21 verbose headers   'cache-control': 'max-age=300',
21 verbose headers   'content-length': '244',
21 verbose headers   'accept-ranges': 'bytes',
21 verbose headers   date: 'Wed, 10 May 2017 07:58:34 GMT',
21 verbose headers   via: '1.1 varnish',
21 verbose headers   'x-served-by': 'cache-lhr6331-LHR',
21 verbose headers   'x-cache': 'MISS',
21 verbose headers   'x-cache-hits': '0',
21 verbose headers   'x-timer': 'S1494403115.820745,VS0,VE18',
21 verbose headers   vary: 'Accept-Encoding',
21 verbose headers   connection: 'Keep-Alive',
21 verbose headers   'content-encoding': 'gzip',
21 verbose headers   age: '0' }
22 silly get cb [ 200,
22 silly get   { server: 'nginx/1.10.1',
22 silly get     'content-type': 'application/json',
22 silly get     'last-modified': 'Wed, 23 Dec 2015 09:30:37 GMT',
22 silly get     etag: 'W/"567a69bd-192"',
22 silly get     'cache-control': 'max-age=300',
22 silly get     'content-length': '244',
22 silly get     'accept-ranges': 'bytes',
22 silly get     date: 'Wed, 10 May 2017 07:58:34 GMT',
22 silly get     via: '1.1 varnish',
22 silly get     'x-served-by': 'cache-lhr6331-LHR',
22 silly get     'x-cache': 'MISS',
22 silly get     'x-cache-hits': '0',
22 silly get     'x-timer': 'S1494403115.820745,VS0,VE18',
22 silly get     vary: 'Accept-Encoding',
22 silly get     connection: 'Keep-Alive',
22 silly get     'content-encoding': 'gzip',
22 silly get     age: '0' } ]
23 verbose get saving loadsh to C:\Users\608619925\AppData\Roaming\npm-cache\registry.npmjs.org\loadsh\.cache.json
24 verbose correctMkdir C:\Users\608619925\AppData\Roaming\npm-cache correctMkdir not in flight; initializing
25 verbose stack TypeError: Cannot convert undefined or null to object
25 verbose stack     at Function.keys (<anonymous>)
25 verbose stack     at pickVersionFromRegistryDocument (C:\Program Files\nodejs\node_modules\npm\lib\fetch-package-metadata.js:126:29)
25 verbose stack     at C:\Program Files\nodejs\node_modules\npm\node_modules\iferr\index.js:13:50
25 verbose stack     at C:\Program Files\nodejs\node_modules\npm\lib\utils\pulse-till-done.js:20:8
25 verbose stack     at saved (C:\Program Files\nodejs\node_modules\npm\lib\cache\caching-client.js:174:7)
25 verbose stack     at C:\Program Files\nodejs\node_modules\npm\node_modules\graceful-fs\polyfills.js:261:18
25 verbose stack     at FSReqWrap.oncomplete (fs.js:112:15)
26 verbose cwd C:\Users\608619925\Desktop\Misc Projects\python\navTracker
27 error Windows_NT 6.3.9600
28 error argv "C:\\Program Files\\nodejs\\node.exe" "C:\\Program Files\\nodejs\\node_modules\\npm\\bin\\npm-cli.js" "install" "loadsh"
29 error node v7.5.0
30 error npm  v4.1.2
31 error Cannot convert undefined or null to object
32 error If you need help, you may report this error at:
32 error     <https://github.com/npm/npm/issues>
33 verbose exit [ 1, true ]
